[09-May-2023 06:34:00 UTC] PHP Warning:  Undefined array key "useFeaturedImage" in /Users/hanel/Desktop/Works/Coading/ongoing works/EMA/WP/app/public/wp-content/plugins/wp-graphql-blocks-1.0.10/plugin.php on line 37
[09-May-2023 06:35:07 UTC] PHP Warning:  Undefined array key "useFeaturedImage" in /Users/hanel/Desktop/Works/Coading/ongoing works/EMA/WP/app/public/wp-content/plugins/wp-graphql-blocks-1.0.10/plugin.php on line 37
[09-May-2023 06:35:52 UTC] PHP Warning:  Undefined array key "useFeaturedImage" in /Users/hanel/Desktop/Works/Coading/ongoing works/EMA/WP/app/public/wp-content/plugins/wp-graphql-blocks-1.0.10/plugin.php on line 37
[09-May-2023 06:39:04 UTC] PHP Warning:  Undefined array key "useFeaturedImage" in /Users/hanel/Desktop/Works/Coading/ongoing works/EMA/WP/app/public/wp-content/plugins/wp-graphql-blocks-1.0.10/plugin.php on line 37
[09-May-2023 06:44:01 UTC] PHP Warning:  Undefined array key "useFeaturedImage" in /Users/hanel/Desktop/Works/Coading/ongoing works/EMA/WP/app/public/wp-content/plugins/wp-graphql-blocks-1.0.10/plugin.php on line 37
[09-May-2023 06:50:15 UTC] PHP Warning:  Undefined array key "useFeaturedImage" in /Users/hanel/Desktop/Works/Coading/ongoing works/EMA/WP/app/public/wp-content/plugins/wp-graphql-blocks-1.0.10/plugin.php on line 37
[09-May-2023 06:50:32 UTC] PHP Warning:  Undefined array key "useFeaturedImage" in /Users/hanel/Desktop/Works/Coading/ongoing works/EMA/WP/app/public/wp-content/plugins/wp-graphql-blocks-1.0.10/plugin.php on line 37
[09-May-2023 07:01:35 UTC] PHP Warning:  Undefined array key "useFeaturedImage" in /Users/hanel/Desktop/Works/Coading/ongoing works/EMA/WP/app/public/wp-content/plugins/wp-graphql-blocks-1.0.10/plugin.php on line 37
[09-May-2023 07:02:23 UTC] PHP Warning:  Undefined array key "useFeaturedImage" in /Users/hanel/Desktop/Works/Coading/ongoing works/EMA/WP/app/public/wp-content/plugins/wp-graphql-blocks-1.0.10/plugin.php on line 37
[09-May-2023 07:03:09 UTC] PHP Warning:  Undefined array key "useFeaturedImage" in /Users/hanel/Desktop/Works/Coading/ongoing works/EMA/WP/app/public/wp-content/plugins/wp-graphql-blocks-1.0.10/plugin.php on line 37
[09-May-2023 07:17:39 UTC] PHP Warning:  Undefined array key "useFeaturedImage" in /Users/hanel/Desktop/Works/Coading/ongoing works/EMA/WP/app/public/wp-content/plugins/wp-graphql-blocks-1.0.10/plugin.php on line 37
[09-May-2023 07:18:32 UTC] PHP Warning:  Undefined array key "useFeaturedImage" in /Users/hanel/Desktop/Works/Coading/ongoing works/EMA/WP/app/public/wp-content/plugins/wp-graphql-blocks-1.0.10/plugin.php on line 37
[09-May-2023 07:19:51 UTC] PHP Warning:  Undefined array key "useFeaturedImage" in /Users/hanel/Desktop/Works/Coading/ongoing works/EMA/WP/app/public/wp-content/plugins/wp-graphql-blocks-1.0.10/plugin.php on line 37
[09-May-2023 07:21:31 UTC] PHP Warning:  Undefined array key "useFeaturedImage" in /Users/hanel/Desktop/Works/Coading/ongoing works/EMA/WP/app/public/wp-content/plugins/wp-graphql-blocks-1.0.10/plugin.php on line 37
[09-May-2023 07:34:57 UTC] PHP Warning:  Undefined array key "useFeaturedImage" in /Users/hanel/Desktop/Works/Coading/ongoing works/EMA/WP/app/public/wp-content/plugins/wp-graphql-blocks-1.0.10/plugin.php on line 37
[09-May-2023 08:03:58 UTC] PHP Warning:  Undefined array key "useFeaturedImage" in /Users/hanel/Desktop/Works/Coading/ongoing works/EMA/WP/app/public/wp-content/plugins/wp-graphql-blocks-1.0.10/plugin.php on line 37
[09-May-2023 08:04:25 UTC] PHP Warning:  Undefined array key "useFeaturedImage" in /Users/hanel/Desktop/Works/Coading/ongoing works/EMA/WP/app/public/wp-content/plugins/wp-graphql-blocks-1.0.10/plugin.php on line 37
[09-May-2023 08:05:15 UTC] PHP Warning:  Undefined array key "useFeaturedImage" in /Users/hanel/Desktop/Works/Coading/ongoing works/EMA/WP/app/public/wp-content/plugins/wp-graphql-blocks-1.0.10/plugin.php on line 37
[09-May-2023 08:05:28 UTC] PHP Warning:  Undefined array key "useFeaturedImage" in /Users/hanel/Desktop/Works/Coading/ongoing works/EMA/WP/app/public/wp-content/plugins/wp-graphql-blocks-1.0.10/plugin.php on line 37
[09-May-2023 08:07:29 UTC] PHP Warning:  Undefined array key "useFeaturedImage" in /Users/hanel/Desktop/Works/Coading/ongoing works/EMA/WP/app/public/wp-content/plugins/wp-graphql-blocks-1.0.10/plugin.php on line 37
[09-May-2023 08:07:29 UTC] PHP Warning:  Undefined array key "useFeaturedImage" in /Users/hanel/Desktop/Works/Coading/ongoing works/EMA/WP/app/public/wp-content/plugins/wp-graphql-blocks-1.0.10/plugin.php on line 37
[09-May-2023 08:07:41 UTC] PHP Warning:  Undefined array key "useFeaturedImage" in /Users/hanel/Desktop/Works/Coading/ongoing works/EMA/WP/app/public/wp-content/plugins/wp-graphql-blocks-1.0.10/plugin.php on line 37
[09-May-2023 08:08:21 UTC] PHP Warning:  Undefined array key "useFeaturedImage" in /Users/hanel/Desktop/Works/Coading/ongoing works/EMA/WP/app/public/wp-content/plugins/wp-graphql-blocks-1.0.10/plugin.php on line 37
[09-May-2023 08:08:41 UTC] PHP Warning:  Undefined array key "useFeaturedImage" in /Users/hanel/Desktop/Works/Coading/ongoing works/EMA/WP/app/public/wp-content/plugins/wp-graphql-blocks-1.0.10/plugin.php on line 37
[09-May-2023 08:08:54 UTC] PHP Warning:  Undefined array key "useFeaturedImage" in /Users/hanel/Desktop/Works/Coading/ongoing works/EMA/WP/app/public/wp-content/plugins/wp-graphql-blocks-1.0.10/plugin.php on line 37
[09-May-2023 08:09:23 UTC] PHP Warning:  Undefined array key "useFeaturedImage" in /Users/hanel/Desktop/Works/Coading/ongoing works/EMA/WP/app/public/wp-content/plugins/wp-graphql-blocks-1.0.10/plugin.php on line 37
[09-May-2023 08:22:30 UTC] PHP Warning:  Undefined array key "useFeaturedImage" in /Users/hanel/Desktop/Works/Coading/ongoing works/EMA/WP/app/public/wp-content/plugins/wp-graphql-blocks-1.0.10/plugin.php on line 37
[09-May-2023 08:54:56 UTC] PHP Warning:  Undefined array key "useFeaturedImage" in /Users/hanel/Desktop/Works/Coading/ongoing works/EMA/WP/app/public/wp-content/plugins/wp-graphql-blocks-1.0.10/plugin.php on line 37
[09-May-2023 08:55:17 UTC] PHP Warning:  Undefined array key "useFeaturedImage" in /Users/hanel/Desktop/Works/Coading/ongoing works/EMA/WP/app/public/wp-content/plugins/wp-graphql-blocks-1.0.10/plugin.php on line 37
[09-May-2023 09:26:29 UTC] PHP Warning:  Attempt to read property "title" on null in /Users/hanel/Desktop/Works/Coading/ongoing works/EMA/WP/app/public/wp-includes/class-wp-customize-widgets.php on line 905
[09-May-2023 09:26:41 UTC] PHP Warning:  Attempt to read property "title" on null in /Users/hanel/Desktop/Works/Coading/ongoing works/EMA/WP/app/public/wp-includes/class-wp-customize-widgets.php on line 905
[09-May-2023 09:37:24 UTC] PHP Parse error:  syntax error, unexpected token "}" in /Users/hanel/Desktop/Works/Coading/ongoing works/EMA/WP/app/public/wp-content/themes/twentytwentytwo-child/functions.php on line 17
[09-May-2023 09:37:24 UTC] PHP Warning:  Trying to access array offset on value of type bool in /Users/hanel/Desktop/Works/Coading/ongoing works/EMA/WP/app/public/wp-includes/class-wp-recovery-mode-email-service.php on line 367
[09-May-2023 09:37:24 UTC] PHP Warning:  Trying to access array offset on value of type bool in /Users/hanel/Desktop/Works/Coading/ongoing works/EMA/WP/app/public/wp-includes/class-wp-recovery-mode-email-service.php on line 368
[09-May-2023 09:37:26 UTC] PHP Parse error:  syntax error, unexpected token "}" in /Users/hanel/Desktop/Works/Coading/ongoing works/EMA/WP/app/public/wp-content/themes/twentytwentytwo-child/functions.php on line 17
[09-May-2023 09:37:29 UTC] PHP Parse error:  syntax error, unexpected token "}" in /Users/hanel/Desktop/Works/Coading/ongoing works/EMA/WP/app/public/wp-content/themes/twentytwentytwo-child/functions.php on line 17
[09-May-2023 09:37:29 UTC] PHP Parse error:  syntax error, unexpected token "}" in /Users/hanel/Desktop/Works/Coading/ongoing works/EMA/WP/app/public/wp-content/themes/twentytwentytwo-child/functions.php on line 17
[09-May-2023 09:37:29 UTC] PHP Parse error:  syntax error, unexpected token "}" in /Users/hanel/Desktop/Works/Coading/ongoing works/EMA/WP/app/public/wp-content/themes/twentytwentytwo-child/functions.php on line 17
[09-May-2023 09:37:32 UTC] PHP Parse error:  syntax error, unexpected token "}" in /Users/hanel/Desktop/Works/Coading/ongoing works/EMA/WP/app/public/wp-content/themes/twentytwentytwo-child/functions.php on line 17
[09-May-2023 09:37:32 UTC] PHP Parse error:  syntax error, unexpected token "}" in /Users/hanel/Desktop/Works/Coading/ongoing works/EMA/WP/app/public/wp-content/themes/twentytwentytwo-child/functions.php on line 17
[09-May-2023 09:38:32 UTC] PHP Parse error:  syntax error, unexpected token "}" in /Users/hanel/Desktop/Works/Coading/ongoing works/EMA/WP/app/public/wp-content/themes/twentytwentytwo-child/functions.php on line 17
[09-May-2023 09:39:40 UTC] PHP Fatal error:  Uncaught Error: Undefined constant "function_exists" in /Users/hanel/Desktop/Works/Coading/ongoing works/EMA/WP/app/public/wp-content/themes/twentytwentytwo-child/functions.php:12
Stack trace:
#0 /Users/hanel/Desktop/Works/Coading/ongoing works/EMA/WP/app/public/wp-settings.php(591): include()
#1 /Users/hanel/Desktop/Works/Coading/ongoing works/EMA/WP/app/public/wp-config.php(93): require_once('/Users/hanel/De...')
#2 /Users/hanel/Desktop/Works/Coading/ongoing works/EMA/WP/app/public/wp-load.php(50): require_once('/Users/hanel/De...')
#3 /Users/hanel/Desktop/Works/Coading/ongoing works/EMA/WP/app/public/wp-admin/admin-ajax.php(22): require_once('/Users/hanel/De...')
#4 {main}
  thrown in /Users/hanel/Desktop/Works/Coading/ongoing works/EMA/WP/app/public/wp-content/themes/twentytwentytwo-child/functions.php on line 12
[09-May-2023 09:39:41 UTC] PHP Fatal error:  Uncaught Error: Undefined constant "function_exists" in /Users/hanel/Desktop/Works/Coading/ongoing works/EMA/WP/app/public/wp-content/themes/twentytwentytwo-child/functions.php:12
Stack trace:
#0 /Users/hanel/Desktop/Works/Coading/ongoing works/EMA/WP/app/public/wp-settings.php(591): include()
#1 /Users/hanel/Desktop/Works/Coading/ongoing works/EMA/WP/app/public/wp-config.php(93): require_once('/Users/hanel/De...')
#2 /Users/hanel/Desktop/Works/Coading/ongoing works/EMA/WP/app/public/wp-load.php(50): require_once('/Users/hanel/De...')
#3 /Users/hanel/Desktop/Works/Coading/ongoing works/EMA/WP/app/public/wp-admin/admin.php(34): require_once('/Users/hanel/De...')
#4 /Users/hanel/Desktop/Works/Coading/ongoing works/EMA/WP/app/public/wp-admin/options-general.php(10): require_once('/Users/hanel/De...')
#5 {main}
  thrown in /Users/hanel/Desktop/Works/Coading/ongoing works/EMA/WP/app/public/wp-content/themes/twentytwentytwo-child/functions.php on line 12
[09-May-2023 09:39:41 UTC] PHP Fatal error:  Uncaught Error: Undefined constant "function_exists" in /Users/hanel/Desktop/Works/Coading/ongoing works/EMA/WP/app/public/wp-content/themes/twentytwentytwo-child/functions.php:12
Stack trace:
#0 /Users/hanel/Desktop/Works/Coading/ongoing works/EMA/WP/app/public/wp-settings.php(591): include()
#1 /Users/hanel/Desktop/Works/Coading/ongoing works/EMA/WP/app/public/wp-config.php(93): require_once('/Users/hanel/De...')
#2 /Users/hanel/Desktop/Works/Coading/ongoing works/EMA/WP/app/public/wp-load.php(50): require_once('/Users/hanel/De...')
#3 /Users/hanel/Desktop/Works/Coading/ongoing works/EMA/WP/app/public/wp-blog-header.php(13): require_once('/Users/hanel/De...')
#4 /Users/hanel/Desktop/Works/Coading/ongoing works/EMA/WP/app/public/index.php(17): require('/Users/hanel/De...')
#5 {main}
  thrown in /Users/hanel/Desktop/Works/Coading/ongoing works/EMA/WP/app/public/wp-content/themes/twentytwentytwo-child/functions.php on line 12
[09-May-2023 09:39:43 UTC] PHP Fatal error:  Uncaught Error: Undefined constant "function_exists" in /Users/hanel/Desktop/Works/Coading/ongoing works/EMA/WP/app/public/wp-content/themes/twentytwentytwo-child/functions.php:12
Stack trace:
#0 /Users/hanel/Desktop/Works/Coading/ongoing works/EMA/WP/app/public/wp-settings.php(591): include()
#1 /Users/hanel/Desktop/Works/Coading/ongoing works/EMA/WP/app/public/wp-config.php(93): require_once('/Users/hanel/De...')
#2 /Users/hanel/Desktop/Works/Coading/ongoing works/EMA/WP/app/public/wp-load.php(50): require_once('/Users/hanel/De...')
#3 /Users/hanel/Desktop/Works/Coading/ongoing works/EMA/WP/app/public/wp-admin/admin.php(34): require_once('/Users/hanel/De...')
#4 /Users/hanel/Desktop/Works/Coading/ongoing works/EMA/WP/app/public/wp-admin/options-general.php(10): require_once('/Users/hanel/De...')
#5 {main}
  thrown in /Users/hanel/Desktop/Works/Coading/ongoing works/EMA/WP/app/public/wp-content/themes/twentytwentytwo-child/functions.php on line 12
[09-May-2023 09:39:43 UTC] PHP Fatal error:  Uncaught Error: Undefined constant "function_exists" in /Users/hanel/Desktop/Works/Coading/ongoing works/EMA/WP/app/public/wp-content/themes/twentytwentytwo-child/functions.php:12
Stack trace:
#0 /Users/hanel/Desktop/Works/Coading/ongoing works/EMA/WP/app/public/wp-settings.php(591): include()
#1 /Users/hanel/Desktop/Works/Coading/ongoing works/EMA/WP/app/public/wp-config.php(93): require_once('/Users/hanel/De...')
#2 /Users/hanel/Desktop/Works/Coading/ongoing works/EMA/WP/app/public/wp-load.php(50): require_once('/Users/hanel/De...')
#3 /Users/hanel/Desktop/Works/Coading/ongoing works/EMA/WP/app/public/wp-blog-header.php(13): require_once('/Users/hanel/De...')
#4 /Users/hanel/Desktop/Works/Coading/ongoing works/EMA/WP/app/public/index.php(17): require('/Users/hanel/De...')
#5 {main}
  thrown in /Users/hanel/Desktop/Works/Coading/ongoing works/EMA/WP/app/public/wp-content/themes/twentytwentytwo-child/functions.php on line 12
[09-May-2023 09:40:35 UTC] PHP Parse error:  syntax error, unexpected token "}" in /Users/hanel/Desktop/Works/Coading/ongoing works/EMA/WP/app/public/wp-content/themes/twentytwentytwo-child/functions.php on line 17
[09-May-2023 09:40:35 UTC] PHP Parse error:  syntax error, unexpected token "}" in /Users/hanel/Desktop/Works/Coading/ongoing works/EMA/WP/app/public/wp-content/themes/twentytwentytwo-child/functions.php on line 17
[09-May-2023 09:41:41 UTC] PHP Parse error:  syntax error, unexpected token "endif" in /Users/hanel/Desktop/Works/Coading/ongoing works/EMA/WP/app/public/wp-content/themes/twentytwentytwo-child/functions.php on line 19
[09-May-2023 09:41:41 UTC] PHP Parse error:  syntax error, unexpected token "endif" in /Users/hanel/Desktop/Works/Coading/ongoing works/EMA/WP/app/public/wp-content/themes/twentytwentytwo-child/functions.php on line 19
[09-May-2023 10:02:08 UTC] PHP Warning:  Undefined array key "useFeaturedImage" in /Users/hanel/Desktop/Works/Coading/ongoing works/EMA/WP/app/public/wp-content/plugins/wp-graphql-blocks-1.0.10/plugin.php on line 37
[09-May-2023 10:03:06 UTC] PHP Warning:  Undefined array key "useFeaturedImage" in /Users/hanel/Desktop/Works/Coading/ongoing works/EMA/WP/app/public/wp-content/plugins/wp-graphql-blocks-1.0.10/plugin.php on line 37
[09-May-2023 10:04:14 UTC] PHP Warning:  Undefined array key "useFeaturedImage" in /Users/hanel/Desktop/Works/Coading/ongoing works/EMA/WP/app/public/wp-content/plugins/wp-graphql-blocks-1.0.10/plugin.php on line 37
[09-May-2023 10:08:21 UTC] PHP Warning:  Undefined array key "useFeaturedImage" in /Users/hanel/Desktop/Works/Coading/ongoing works/EMA/WP/app/public/wp-content/plugins/wp-graphql-blocks-1.0.10/plugin.php on line 37
[09-May-2023 10:08:59 UTC] PHP Warning:  Undefined array key "useFeaturedImage" in /Users/hanel/Desktop/Works/Coading/ongoing works/EMA/WP/app/public/wp-content/plugins/wp-graphql-blocks-1.0.10/plugin.php on line 37
[09-May-2023 10:09:06 UTC] PHP Warning:  Undefined array key "useFeaturedImage" in /Users/hanel/Desktop/Works/Coading/ongoing works/EMA/WP/app/public/wp-content/plugins/wp-graphql-blocks-1.0.10/plugin.php on line 37
[09-May-2023 10:13:42 UTC] PHP Warning:  Undefined array key "useFeaturedImage" in /Users/hanel/Desktop/Works/Coading/ongoing works/EMA/WP/app/public/wp-content/plugins/wp-graphql-blocks-1.0.10/plugin.php on line 37
[09-May-2023 10:15:10 UTC] PHP Warning:  Undefined array key "useFeaturedImage" in /Users/hanel/Desktop/Works/Coading/ongoing works/EMA/WP/app/public/wp-content/plugins/wp-graphql-blocks-1.0.10/plugin.php on line 37
[09-May-2023 10:16:58 UTC] PHP Warning:  Undefined array key "useFeaturedImage" in /Users/hanel/Desktop/Works/Coading/ongoing works/EMA/WP/app/public/wp-content/plugins/wp-graphql-blocks-1.0.10/plugin.php on line 37
[09-May-2023 10:29:53 UTC] PHP Warning:  Undefined array key "useFeaturedImage" in /Users/hanel/Desktop/Works/Coading/ongoing works/EMA/WP/app/public/wp-content/plugins/wp-graphql-blocks-1.0.10/plugin.php on line 37
[09-May-2023 10:31:13 UTC] PHP Warning:  Undefined array key "useFeaturedImage" in /Users/hanel/Desktop/Works/Coading/ongoing works/EMA/WP/app/public/wp-content/plugins/wp-graphql-blocks-1.0.10/plugin.php on line 37
[09-May-2023 10:32:14 UTC] PHP Warning:  Undefined array key "useFeaturedImage" in /Users/hanel/Desktop/Works/Coading/ongoing works/EMA/WP/app/public/wp-content/plugins/wp-graphql-blocks-1.0.10/plugin.php on line 37
[09-May-2023 10:33:03 UTC] PHP Warning:  Undefined array key "useFeaturedImage" in /Users/hanel/Desktop/Works/Coading/ongoing works/EMA/WP/app/public/wp-content/plugins/wp-graphql-blocks-1.0.10/plugin.php on line 37
[09-May-2023 10:34:04 UTC] PHP Warning:  Undefined array key "useFeaturedImage" in /Users/hanel/Desktop/Works/Coading/ongoing works/EMA/WP/app/public/wp-content/plugins/wp-graphql-blocks-1.0.10/plugin.php on line 37
[09-May-2023 10:34:11 UTC] PHP Warning:  Undefined array key "useFeaturedImage" in /Users/hanel/Desktop/Works/Coading/ongoing works/EMA/WP/app/public/wp-content/plugins/wp-graphql-blocks-1.0.10/plugin.php on line 37
[09-May-2023 10:35:50 UTC] PHP Warning:  Undefined array key "useFeaturedImage" in /Users/hanel/Desktop/Works/Coading/ongoing works/EMA/WP/app/public/wp-content/plugins/wp-graphql-blocks-1.0.10/plugin.php on line 37
[09-May-2023 10:49:31 UTC] PHP Warning:  Undefined array key "useFeaturedImage" in /Users/hanel/Desktop/Works/Coading/ongoing works/EMA/WP/app/public/wp-content/plugins/wp-graphql-blocks-1.0.10/plugin.php on line 37
[09-May-2023 10:49:54 UTC] PHP Warning:  Undefined array key "useFeaturedImage" in /Users/hanel/Desktop/Works/Coading/ongoing works/EMA/WP/app/public/wp-content/plugins/wp-graphql-blocks-1.0.10/plugin.php on line 37
[09-May-2023 10:51:48 UTC] PHP Warning:  Undefined array key "useFeaturedImage" in /Users/hanel/Desktop/Works/Coading/ongoing works/EMA/WP/app/public/wp-content/plugins/wp-graphql-blocks-1.0.10/plugin.php on line 37
[09-May-2023 10:52:11 UTC] PHP Warning:  Undefined array key "useFeaturedImage" in /Users/hanel/Desktop/Works/Coading/ongoing works/EMA/WP/app/public/wp-content/plugins/wp-graphql-blocks-1.0.10/plugin.php on line 37
[09-May-2023 10:52:24 UTC] PHP Warning:  Undefined array key "useFeaturedImage" in /Users/hanel/Desktop/Works/Coading/ongoing works/EMA/WP/app/public/wp-content/plugins/wp-graphql-blocks-1.0.10/plugin.php on line 37
[09-May-2023 11:06:12 UTC] PHP Warning:  Undefined array key "useFeaturedImage" in /Users/hanel/Desktop/Works/Coading/ongoing works/EMA/WP/app/public/wp-content/plugins/wp-graphql-blocks-1.0.10/plugin.php on line 37
[09-May-2023 11:07:31 UTC] PHP Warning:  Undefined array key "useFeaturedImage" in /Users/hanel/Desktop/Works/Coading/ongoing works/EMA/WP/app/public/wp-content/plugins/wp-graphql-blocks-1.0.10/plugin.php on line 37
[09-May-2023 11:08:24 UTC] PHP Warning:  Undefined array key "useFeaturedImage" in /Users/hanel/Desktop/Works/Coading/ongoing works/EMA/WP/app/public/wp-content/plugins/wp-graphql-blocks-1.0.10/plugin.php on line 37
[09-May-2023 11:08:39 UTC] PHP Warning:  Undefined array key "useFeaturedImage" in /Users/hanel/Desktop/Works/Coading/ongoing works/EMA/WP/app/public/wp-content/plugins/wp-graphql-blocks-1.0.10/plugin.php on line 37
[09-May-2023 11:11:55 UTC] PHP Warning:  Undefined array key "useFeaturedImage" in /Users/hanel/Desktop/Works/Coading/ongoing works/EMA/WP/app/public/wp-content/plugins/wp-graphql-blocks-1.0.10/plugin.php on line 37
[09-May-2023 11:12:04 UTC] PHP Warning:  Undefined array key "useFeaturedImage" in /Users/hanel/Desktop/Works/Coading/ongoing works/EMA/WP/app/public/wp-content/plugins/wp-graphql-blocks-1.0.10/plugin.php on line 37
[09-May-2023 11:16:44 UTC] PHP Warning:  Undefined array key "useFeaturedImage" in /Users/hanel/Desktop/Works/Coading/ongoing works/EMA/WP/app/public/wp-content/plugins/wp-graphql-blocks-1.0.10/plugin.php on line 37
[09-May-2023 11:17:11 UTC] PHP Warning:  Undefined array key "useFeaturedImage" in /Users/hanel/Desktop/Works/Coading/ongoing works/EMA/WP/app/public/wp-content/plugins/wp-graphql-blocks-1.0.10/plugin.php on line 37
[09-May-2023 11:17:39 UTC] PHP Warning:  Undefined array key "useFeaturedImage" in /Users/hanel/Desktop/Works/Coading/ongoing works/EMA/WP/app/public/wp-content/plugins/wp-graphql-blocks-1.0.10/plugin.php on line 37
[09-May-2023 11:22:37 UTC] PHP Warning:  Undefined array key "useFeaturedImage" in /Users/hanel/Desktop/Works/Coading/ongoing works/EMA/WP/app/public/wp-content/plugins/wp-graphql-blocks-1.0.10/plugin.php on line 37
[09-May-2023 11:23:09 UTC] PHP Warning:  Undefined array key "useFeaturedImage" in /Users/hanel/Desktop/Works/Coading/ongoing works/EMA/WP/app/public/wp-content/plugins/wp-graphql-blocks-1.0.10/plugin.php on line 37
[09-May-2023 11:25:24 UTC] PHP Warning:  Undefined array key "useFeaturedImage" in /Users/hanel/Desktop/Works/Coading/ongoing works/EMA/WP/app/public/wp-content/plugins/wp-graphql-blocks-1.0.10/plugin.php on line 37
[09-May-2023 11:31:53 UTC] PHP Warning:  Undefined array key "useFeaturedImage" in /Users/hanel/Desktop/Works/Coading/ongoing works/EMA/WP/app/public/wp-content/plugins/wp-graphql-blocks-1.0.10/plugin.php on line 37
[09-May-2023 11:35:52 UTC] PHP Warning:  Undefined array key "useFeaturedImage" in /Users/hanel/Desktop/Works/Coading/ongoing works/EMA/WP/app/public/wp-content/plugins/wp-graphql-blocks-1.0.10/plugin.php on line 37
[09-May-2023 11:36:54 UTC] PHP Warning:  Undefined array key "useFeaturedImage" in /Users/hanel/Desktop/Works/Coading/ongoing works/EMA/WP/app/public/wp-content/plugins/wp-graphql-blocks-1.0.10/plugin.php on line 37
[09-May-2023 11:39:29 UTC] PHP Warning:  Undefined array key "useFeaturedImage" in /Users/hanel/Desktop/Works/Coading/ongoing works/EMA/WP/app/public/wp-content/plugins/wp-graphql-blocks-1.0.10/plugin.php on line 37
[09-May-2023 11:39:29 UTC] PHP Warning:  Undefined array key "useFeaturedImage" in /Users/hanel/Desktop/Works/Coading/ongoing works/EMA/WP/app/public/wp-content/plugins/wp-graphql-blocks-1.0.10/plugin.php on line 37
[09-May-2023 11:39:46 UTC] PHP Warning:  Undefined array key "useFeaturedImage" in /Users/hanel/Desktop/Works/Coading/ongoing works/EMA/WP/app/public/wp-content/plugins/wp-graphql-blocks-1.0.10/plugin.php on line 37
[09-May-2023 11:41:07 UTC] PHP Warning:  Undefined array key "useFeaturedImage" in /Users/hanel/Desktop/Works/Coading/ongoing works/EMA/WP/app/public/wp-content/plugins/wp-graphql-blocks-1.0.10/plugin.php on line 37
[09-May-2023 11:46:31 UTC] PHP Warning:  Undefined array key "useFeaturedImage" in /Users/hanel/Desktop/Works/Coading/ongoing works/EMA/WP/app/public/wp-content/plugins/wp-graphql-blocks-1.0.10/plugin.php on line 37
[09-May-2023 11:47:39 UTC] PHP Warning:  Undefined array key "useFeaturedImage" in /Users/hanel/Desktop/Works/Coading/ongoing works/EMA/WP/app/public/wp-content/plugins/wp-graphql-blocks-1.0.10/plugin.php on line 37
[09-May-2023 11:51:26 UTC] PHP Warning:  Undefined array key "useFeaturedImage" in /Users/hanel/Desktop/Works/Coading/ongoing works/EMA/WP/app/public/wp-content/plugins/wp-graphql-blocks-1.0.10/plugin.php on line 37
[09-May-2023 12:37:14 UTC] PHP Warning:  Undefined array key "useFeaturedImage" in /Users/hanel/Desktop/Works/Coading/ongoing works/EMA/WP/app/public/wp-content/plugins/wp-graphql-blocks-1.0.10/plugin.php on line 37
[09-May-2023 12:40:01 UTC] PHP Warning:  Undefined array key "useFeaturedImage" in /Users/hanel/Desktop/Works/Coading/ongoing works/EMA/WP/app/public/wp-content/plugins/wp-graphql-blocks-1.0.10/plugin.php on line 37
[09-May-2023 12:40:43 UTC] PHP Warning:  Undefined array key "useFeaturedImage" in /Users/hanel/Desktop/Works/Coading/ongoing works/EMA/WP/app/public/wp-content/plugins/wp-graphql-blocks-1.0.10/plugin.php on line 37
[09-May-2023 12:41:24 UTC] PHP Warning:  Undefined array key "useFeaturedImage" in /Users/hanel/Desktop/Works/Coading/ongoing works/EMA/WP/app/public/wp-content/plugins/wp-graphql-blocks-1.0.10/plugin.php on line 37
[09-May-2023 14:32:51 UTC] PHP Warning:  Undefined array key "useFeaturedImage" in /Users/hanel/Desktop/Works/Coading/ongoing works/EMA/WP/app/public/wp-content/plugins/wp-graphql-blocks-1.0.10/plugin.php on line 37
[09-May-2023 14:37:22 UTC] PHP Warning:  Undefined array key "useFeaturedImage" in /Users/hanel/Desktop/Works/Coading/ongoing works/EMA/WP/app/public/wp-content/plugins/wp-graphql-blocks-1.0.10/plugin.php on line 37
[09-May-2023 14:37:47 UTC] PHP Warning:  Undefined array key "useFeaturedImage" in /Users/hanel/Desktop/Works/Coading/ongoing works/EMA/WP/app/public/wp-content/plugins/wp-graphql-blocks-1.0.10/plugin.php on line 37
[09-May-2023 14:41:12 UTC] PHP Warning:  Undefined array key "useFeaturedImage" in /Users/hanel/Desktop/Works/Coading/ongoing works/EMA/WP/app/public/wp-content/plugins/wp-graphql-blocks-1.0.10/plugin.php on line 37
[09-May-2023 14:41:25 UTC] PHP Warning:  Undefined array key "useFeaturedImage" in /Users/hanel/Desktop/Works/Coading/ongoing works/EMA/WP/app/public/wp-content/plugins/wp-graphql-blocks-1.0.10/plugin.php on line 37
[09-May-2023 14:41:33 UTC] PHP Warning:  Undefined array key "useFeaturedImage" in /Users/hanel/Desktop/Works/Coading/ongoing works/EMA/WP/app/public/wp-content/plugins/wp-graphql-blocks-1.0.10/plugin.php on line 37
[09-May-2023 14:42:25 UTC] PHP Warning:  Undefined array key "useFeaturedImage" in /Users/hanel/Desktop/Works/Coading/ongoing works/EMA/WP/app/public/wp-content/plugins/wp-graphql-blocks-1.0.10/plugin.php on line 37
[09-May-2023 14:43:02 UTC] PHP Warning:  Undefined array key "useFeaturedImage" in /Users/hanel/Desktop/Works/Coading/ongoing works/EMA/WP/app/public/wp-content/plugins/wp-graphql-blocks-1.0.10/plugin.php on line 37
[09-May-2023 14:43:21 UTC] PHP Warning:  Undefined array key "useFeaturedImage" in /Users/hanel/Desktop/Works/Coading/ongoing works/EMA/WP/app/public/wp-content/plugins/wp-graphql-blocks-1.0.10/plugin.php on line 37
[09-May-2023 14:43:42 UTC] PHP Warning:  Undefined array key "useFeaturedImage" in /Users/hanel/Desktop/Works/Coading/ongoing works/EMA/WP/app/public/wp-content/plugins/wp-graphql-blocks-1.0.10/plugin.php on line 37
[09-May-2023 14:44:04 UTC] PHP Warning:  Undefined array key "useFeaturedImage" in /Users/hanel/Desktop/Works/Coading/ongoing works/EMA/WP/app/public/wp-content/plugins/wp-graphql-blocks-1.0.10/plugin.php on line 37
[09-May-2023 15:01:22 UTC] PHP Warning:  Undefined array key "useFeaturedImage" in /Users/hanel/Desktop/Works/Coading/ongoing works/EMA/WP/app/public/wp-content/plugins/wp-graphql-blocks-1.0.10/plugin.php on line 37
[09-May-2023 15:03:18 UTC] PHP Warning:  Undefined array key "useFeaturedImage" in /Users/hanel/Desktop/Works/Coading/ongoing works/EMA/WP/app/public/wp-content/plugins/wp-graphql-blocks-1.0.10/plugin.php on line 37
[09-May-2023 15:04:06 UTC] PHP Warning:  Undefined array key "useFeaturedImage" in /Users/hanel/Desktop/Works/Coading/ongoing works/EMA/WP/app/public/wp-content/plugins/wp-graphql-blocks-1.0.10/plugin.php on line 37
[09-May-2023 15:10:44 UTC] PHP Warning:  Undefined array key "useFeaturedImage" in /Users/hanel/Desktop/Works/Coading/ongoing works/EMA/WP/app/public/wp-content/plugins/wp-graphql-blocks-1.0.10/plugin.php on line 37
[13-May-2023 11:23:27 UTC] PHP Warning:  Undefined array key "height" in /Users/hanel/Desktop/Works/Coading/ongoing works/EMA/WP/app/public/wp-content/plugins/wp-graphql-blocks-1.0.10/plugin.php on line 54
[13-May-2023 11:23:27 UTC] PHP Warning:  Undefined array key "width" in /Users/hanel/Desktop/Works/Coading/ongoing works/EMA/WP/app/public/wp-content/plugins/wp-graphql-blocks-1.0.10/plugin.php on line 54
[13-May-2023 11:23:27 UTC] PHP Warning:  Undefined array key "height" in /Users/hanel/Desktop/Works/Coading/ongoing works/EMA/WP/app/public/wp-content/plugins/wp-graphql-blocks-1.0.10/plugin.php on line 54
[13-May-2023 11:23:27 UTC] PHP Warning:  Undefined array key "width" in /Users/hanel/Desktop/Works/Coading/ongoing works/EMA/WP/app/public/wp-content/plugins/wp-graphql-blocks-1.0.10/plugin.php on line 54
[13-May-2023 11:23:27 UTC] PHP Warning:  Undefined array key "height" in /Users/hanel/Desktop/Works/Coading/ongoing works/EMA/WP/app/public/wp-content/plugins/wp-graphql-blocks-1.0.10/plugin.php on line 54
[13-May-2023 11:23:27 UTC] PHP Warning:  Undefined array key "width" in /Users/hanel/Desktop/Works/Coading/ongoing works/EMA/WP/app/public/wp-content/plugins/wp-graphql-blocks-1.0.10/plugin.php on line 54
[13-May-2023 11:23:27 UTC] PHP Warning:  Undefined array key "height" in /Users/hanel/Desktop/Works/Coading/ongoing works/EMA/WP/app/public/wp-content/plugins/wp-graphql-blocks-1.0.10/plugin.php on line 54
[13-May-2023 11:23:27 UTC] PHP Warning:  Undefined array key "width" in /Users/hanel/Desktop/Works/Coading/ongoing works/EMA/WP/app/public/wp-content/plugins/wp-graphql-blocks-1.0.10/plugin.php on line 54
[13-May-2023 11:23:27 UTC] PHP Warning:  Undefined array key "height" in /Users/hanel/Desktop/Works/Coading/ongoing works/EMA/WP/app/public/wp-content/plugins/wp-graphql-blocks-1.0.10/plugin.php on line 54
[13-May-2023 11:23:27 UTC] PHP Warning:  Undefined array key "width" in /Users/hanel/Desktop/Works/Coading/ongoing works/EMA/WP/app/public/wp-content/plugins/wp-graphql-blocks-1.0.10/plugin.php on line 54
[13-May-2023 11:23:27 UTC] PHP Warning:  Undefined array key "height" in /Users/hanel/Desktop/Works/Coading/ongoing works/EMA/WP/app/public/wp-content/plugins/wp-graphql-blocks-1.0.10/plugin.php on line 54
[13-May-2023 11:23:27 UTC] PHP Warning:  Undefined array key "width" in /Users/hanel/Desktop/Works/Coading/ongoing works/EMA/WP/app/public/wp-content/plugins/wp-graphql-blocks-1.0.10/plugin.php on line 54
[13-May-2023 11:23:27 UTC] PHP Warning:  Undefined array key "height" in /Users/hanel/Desktop/Works/Coading/ongoing works/EMA/WP/app/public/wp-content/plugins/wp-graphql-blocks-1.0.10/plugin.php on line 54
[13-May-2023 11:23:27 UTC] PHP Warning:  Undefined array key "width" in /Users/hanel/Desktop/Works/Coading/ongoing works/EMA/WP/app/public/wp-content/plugins/wp-graphql-blocks-1.0.10/plugin.php on line 54
[13-May-2023 11:23:27 UTC] PHP Warning:  Undefined array key "height" in /Users/hanel/Desktop/Works/Coading/ongoing works/EMA/WP/app/public/wp-content/plugins/wp-graphql-blocks-1.0.10/plugin.php on line 54
[13-May-2023 11:23:27 UTC] PHP Warning:  Undefined array key "width" in /Users/hanel/Desktop/Works/Coading/ongoing works/EMA/WP/app/public/wp-content/plugins/wp-graphql-blocks-1.0.10/plugin.php on line 54
[13-May-2023 11:23:27 UTC] PHP Warning:  Undefined array key "height" in /Users/hanel/Desktop/Works/Coading/ongoing works/EMA/WP/app/public/wp-content/plugins/wp-graphql-blocks-1.0.10/plugin.php on line 54
[13-May-2023 11:23:27 UTC] PHP Warning:  Undefined array key "width" in /Users/hanel/Desktop/Works/Coading/ongoing works/EMA/WP/app/public/wp-content/plugins/wp-graphql-blocks-1.0.10/plugin.php on line 54
[13-May-2023 11:23:27 UTC] PHP Warning:  Undefined array key "height" in /Users/hanel/Desktop/Works/Coading/ongoing works/EMA/WP/app/public/wp-content/plugins/wp-graphql-blocks-1.0.10/plugin.php on line 54
[13-May-2023 11:23:27 UTC] PHP Warning:  Undefined array key "width" in /Users/hanel/Desktop/Works/Coading/ongoing works/EMA/WP/app/public/wp-content/plugins/wp-graphql-blocks-1.0.10/plugin.php on line 54
[13-May-2023 11:23:27 UTC] PHP Warning:  Undefined array key "height" in /Users/hanel/Desktop/Works/Coading/ongoing works/EMA/WP/app/public/wp-content/plugins/wp-graphql-blocks-1.0.10/plugin.php on line 54
[13-May-2023 11:23:27 UTC] PHP Warning:  Undefined array key "width" in /Users/hanel/Desktop/Works/Coading/ongoing works/EMA/WP/app/public/wp-content/plugins/wp-graphql-blocks-1.0.10/plugin.php on line 54
[13-May-2023 11:23:27 UTC] PHP Warning:  Undefined array key "height" in /Users/hanel/Desktop/Works/Coading/ongoing works/EMA/WP/app/public/wp-content/plugins/wp-graphql-blocks-1.0.10/plugin.php on line 54
[13-May-2023 11:23:27 UTC] PHP Warning:  Undefined array key "width" in /Users/hanel/Desktop/Works/Coading/ongoing works/EMA/WP/app/public/wp-content/plugins/wp-graphql-blocks-1.0.10/plugin.php on line 54
[13-May-2023 11:23:27 UTC] PHP Warning:  Undefined array key "height" in /Users/hanel/Desktop/Works/Coading/ongoing works/EMA/WP/app/public/wp-content/plugins/wp-graphql-blocks-1.0.10/plugin.php on line 54
[13-May-2023 11:23:27 UTC] PHP Warning:  Undefined array key "width" in /Users/hanel/Desktop/Works/Coading/ongoing works/EMA/WP/app/public/wp-content/plugins/wp-graphql-blocks-1.0.10/plugin.php on line 54
[13-May-2023 11:23:27 UTC] PHP Warning:  Undefined array key "height" in /Users/hanel/Desktop/Works/Coading/ongoing works/EMA/WP/app/public/wp-content/plugins/wp-graphql-blocks-1.0.10/plugin.php on line 54
[13-May-2023 11:23:27 UTC] PHP Warning:  Undefined array key "width" in /Users/hanel/Desktop/Works/Coading/ongoing works/EMA/WP/app/public/wp-content/plugins/wp-graphql-blocks-1.0.10/plugin.php on line 54
[13-May-2023 11:23:27 UTC] PHP Warning:  Undefined array key "height" in /Users/hanel/Desktop/Works/Coading/ongoing works/EMA/WP/app/public/wp-content/plugins/wp-graphql-blocks-1.0.10/plugin.php on line 54
[13-May-2023 11:23:27 UTC] PHP Warning:  Undefined array key "width" in /Users/hanel/Desktop/Works/Coading/ongoing works/EMA/WP/app/public/wp-content/plugins/wp-graphql-blocks-1.0.10/plugin.php on line 54
[13-May-2023 11:23:27 UTC] PHP Warning:  Undefined array key "height" in /Users/hanel/Desktop/Works/Coading/ongoing works/EMA/WP/app/public/wp-content/plugins/wp-graphql-blocks-1.0.10/plugin.php on line 54
[13-May-2023 11:23:27 UTC] PHP Warning:  Undefined array key "width" in /Users/hanel/Desktop/Works/Coading/ongoing works/EMA/WP/app/public/wp-content/plugins/wp-graphql-blocks-1.0.10/plugin.php on line 54
[13-May-2023 11:23:27 UTC] PHP Warning:  Undefined array key "height" in /Users/hanel/Desktop/Works/Coading/ongoing works/EMA/WP/app/public/wp-content/plugins/wp-graphql-blocks-1.0.10/plugin.php on line 54
[13-May-2023 11:23:27 UTC] PHP Warning:  Undefined array key "width" in /Users/hanel/Desktop/Works/Coading/ongoing works/EMA/WP/app/public/wp-content/plugins/wp-graphql-blocks-1.0.10/plugin.php on line 54
[13-May-2023 11:23:40 UTC] PHP Warning:  Undefined array key "height" in /Users/hanel/Desktop/Works/Coading/ongoing works/EMA/WP/app/public/wp-content/plugins/wp-graphql-blocks-1.0.10/plugin.php on line 54
[13-May-2023 11:23:40 UTC] PHP Warning:  Undefined array key "width" in /Users/hanel/Desktop/Works/Coading/ongoing works/EMA/WP/app/public/wp-content/plugins/wp-graphql-blocks-1.0.10/plugin.php on line 54
[13-May-2023 11:23:40 UTC] PHP Warning:  Undefined array key "height" in /Users/hanel/Desktop/Works/Coading/ongoing works/EMA/WP/app/public/wp-content/plugins/wp-graphql-blocks-1.0.10/plugin.php on line 54
[13-May-2023 11:23:40 UTC] PHP Warning:  Undefined array key "width" in /Users/hanel/Desktop/Works/Coading/ongoing works/EMA/WP/app/public/wp-content/plugins/wp-graphql-blocks-1.0.10/plugin.php on line 54
[13-May-2023 11:23:40 UTC] PHP Warning:  Undefined array key "height" in /Users/hanel/Desktop/Works/Coading/ongoing works/EMA/WP/app/public/wp-content/plugins/wp-graphql-blocks-1.0.10/plugin.php on line 54
[13-May-2023 11:23:40 UTC] PHP Warning:  Undefined array key "width" in /Users/hanel/Desktop/Works/Coading/ongoing works/EMA/WP/app/public/wp-content/plugins/wp-graphql-blocks-1.0.10/plugin.php on line 54
[13-May-2023 11:23:40 UTC] PHP Warning:  Undefined array key "height" in /Users/hanel/Desktop/Works/Coading/ongoing works/EMA/WP/app/public/wp-content/plugins/wp-graphql-blocks-1.0.10/plugin.php on line 54
[13-May-2023 11:23:40 UTC] PHP Warning:  Undefined array key "width" in /Users/hanel/Desktop/Works/Coading/ongoing works/EMA/WP/app/public/wp-content/plugins/wp-graphql-blocks-1.0.10/plugin.php on line 54
[13-May-2023 11:23:40 UTC] PHP Warning:  Undefined array key "height" in /Users/hanel/Desktop/Works/Coading/ongoing works/EMA/WP/app/public/wp-content/plugins/wp-graphql-blocks-1.0.10/plugin.php on line 54
[13-May-2023 11:23:40 UTC] PHP Warning:  Undefined array key "width" in /Users/hanel/Desktop/Works/Coading/ongoing works/EMA/WP/app/public/wp-content/plugins/wp-graphql-blocks-1.0.10/plugin.php on line 54
[13-May-2023 11:23:40 UTC] PHP Warning:  Undefined array key "height" in /Users/hanel/Desktop/Works/Coading/ongoing works/EMA/WP/app/public/wp-content/plugins/wp-graphql-blocks-1.0.10/plugin.php on line 54
[13-May-2023 11:23:40 UTC] PHP Warning:  Undefined array key "width" in /Users/hanel/Desktop/Works/Coading/ongoing works/EMA/WP/app/public/wp-content/plugins/wp-graphql-blocks-1.0.10/plugin.php on line 54
[13-May-2023 11:23:40 UTC] PHP Warning:  Undefined array key "height" in /Users/hanel/Desktop/Works/Coading/ongoing works/EMA/WP/app/public/wp-content/plugins/wp-graphql-blocks-1.0.10/plugin.php on line 54
[13-May-2023 11:23:40 UTC] PHP Warning:  Undefined array key "width" in /Users/hanel/Desktop/Works/Coading/ongoing works/EMA/WP/app/public/wp-content/plugins/wp-graphql-blocks-1.0.10/plugin.php on line 54
[13-May-2023 11:23:40 UTC] PHP Warning:  Undefined array key "height" in /Users/hanel/Desktop/Works/Coading/ongoing works/EMA/WP/app/public/wp-content/plugins/wp-graphql-blocks-1.0.10/plugin.php on line 54
[13-May-2023 11:23:40 UTC] PHP Warning:  Undefined array key "width" in /Users/hanel/Desktop/Works/Coading/ongoing works/EMA/WP/app/public/wp-content/plugins/wp-graphql-blocks-1.0.10/plugin.php on line 54
[13-May-2023 11:23:40 UTC] PHP Warning:  Undefined array key "height" in /Users/hanel/Desktop/Works/Coading/ongoing works/EMA/WP/app/public/wp-content/plugins/wp-graphql-blocks-1.0.10/plugin.php on line 54
[13-May-2023 11:23:40 UTC] PHP Warning:  Undefined array key "width" in /Users/hanel/Desktop/Works/Coading/ongoing works/EMA/WP/app/public/wp-content/plugins/wp-graphql-blocks-1.0.10/plugin.php on line 54
[13-May-2023 11:23:40 UTC] PHP Warning:  Undefined array key "height" in /Users/hanel/Desktop/Works/Coading/ongoing works/EMA/WP/app/public/wp-content/plugins/wp-graphql-blocks-1.0.10/plugin.php on line 54
[13-May-2023 11:23:40 UTC] PHP Warning:  Undefined array key "width" in /Users/hanel/Desktop/Works/Coading/ongoing works/EMA/WP/app/public/wp-content/plugins/wp-graphql-blocks-1.0.10/plugin.php on line 54
[13-May-2023 11:23:40 UTC] PHP Warning:  Undefined array key "height" in /Users/hanel/Desktop/Works/Coading/ongoing works/EMA/WP/app/public/wp-content/plugins/wp-graphql-blocks-1.0.10/plugin.php on line 54
[13-May-2023 11:23:40 UTC] PHP Warning:  Undefined array key "width" in /Users/hanel/Desktop/Works/Coading/ongoing works/EMA/WP/app/public/wp-content/plugins/wp-graphql-blocks-1.0.10/plugin.php on line 54
[13-May-2023 11:23:40 UTC] PHP Warning:  Undefined array key "height" in /Users/hanel/Desktop/Works/Coading/ongoing works/EMA/WP/app/public/wp-content/plugins/wp-graphql-blocks-1.0.10/plugin.php on line 54
[13-May-2023 11:23:40 UTC] PHP Warning:  Undefined array key "width" in /Users/hanel/Desktop/Works/Coading/ongoing works/EMA/WP/app/public/wp-content/plugins/wp-graphql-blocks-1.0.10/plugin.php on line 54
[13-May-2023 11:23:40 UTC] PHP Warning:  Undefined array key "height" in /Users/hanel/Desktop/Works/Coading/ongoing works/EMA/WP/app/public/wp-content/plugins/wp-graphql-blocks-1.0.10/plugin.php on line 54
[13-May-2023 11:23:40 UTC] PHP Warning:  Undefined array key "width" in /Users/hanel/Desktop/Works/Coading/ongoing works/EMA/WP/app/public/wp-content/plugins/wp-graphql-blocks-1.0.10/plugin.php on line 54
[13-May-2023 11:23:40 UTC] PHP Warning:  Undefined array key "height" in /Users/hanel/Desktop/Works/Coading/ongoing works/EMA/WP/app/public/wp-content/plugins/wp-graphql-blocks-1.0.10/plugin.php on line 54
[13-May-2023 11:23:40 UTC] PHP Warning:  Undefined array key "width" in /Users/hanel/Desktop/Works/Coading/ongoing works/EMA/WP/app/public/wp-content/plugins/wp-graphql-blocks-1.0.10/plugin.php on line 54
[13-May-2023 11:23:40 UTC] PHP Warning:  Undefined array key "height" in /Users/hanel/Desktop/Works/Coading/ongoing works/EMA/WP/app/public/wp-content/plugins/wp-graphql-blocks-1.0.10/plugin.php on line 54
[13-May-2023 11:23:40 UTC] PHP Warning:  Undefined array key "width" in /Users/hanel/Desktop/Works/Coading/ongoing works/EMA/WP/app/public/wp-content/plugins/wp-graphql-blocks-1.0.10/plugin.php on line 54
[13-May-2023 11:23:40 UTC] PHP Warning:  Undefined array key "height" in /Users/hanel/Desktop/Works/Coading/ongoing works/EMA/WP/app/public/wp-content/plugins/wp-graphql-blocks-1.0.10/plugin.php on line 54
[13-May-2023 11:23:40 UTC] PHP Warning:  Undefined array key "width" in /Users/hanel/Desktop/Works/Coading/ongoing works/EMA/WP/app/public/wp-content/plugins/wp-graphql-blocks-1.0.10/plugin.php on line 54
[13-May-2023 11:23:40 UTC] PHP Warning:  Undefined array key "height" in /Users/hanel/Desktop/Works/Coading/ongoing works/EMA/WP/app/public/wp-content/plugins/wp-graphql-blocks-1.0.10/plugin.php on line 54
[13-May-2023 11:23:40 UTC] PHP Warning:  Undefined array key "width" in /Users/hanel/Desktop/Works/Coading/ongoing works/EMA/WP/app/public/wp-content/plugins/wp-graphql-blocks-1.0.10/plugin.php on line 54
[13-May-2023 12:13:47 UTC] PHP Fatal error:  Uncaught TypeError: call_user_func_array(): Argument #1 ($callback) must be a valid callback, function "acf_init_block_type" not found or invalid function name in /Users/hanel/Desktop/Works/Coading/ongoing works/EMA/WP/app/public/wp-includes/class-wp-hook.php:308
Stack trace:
#0 /Users/hanel/Desktop/Works/Coading/ongoing works/EMA/WP/app/public/wp-includes/class-wp-hook.php(332): WP_Hook->apply_filters(NULL, Array)
#1 /Users/hanel/Desktop/Works/Coading/ongoing works/EMA/WP/app/public/wp-includes/plugin.php(517): WP_Hook->do_action(Array)
#2 /Users/hanel/Desktop/Works/Coading/ongoing works/EMA/WP/app/public/wp-content/plugins/advanced-custom-fields-pro/acf.php(350): do_action('acf/init', 6)
#3 /Users/hanel/Desktop/Works/Coading/ongoing works/EMA/WP/app/public/wp-includes/class-wp-hook.php(308): ACF->init('')
#4 /Users/hanel/Desktop/Works/Coading/ongoing works/EMA/WP/app/public/wp-includes/class-wp-hook.php(332): WP_Hook->apply_filters(NULL, Array)
#5 /Users/hanel/Desktop/Works/Coading/ongoing works/EMA/WP/app/public/wp-includes/plugin.php(517): WP_Hook->do_action(Array)
#6 /Users/hanel/Desktop/Works/Coading/ongoing works/EMA/WP/app/public/wp-settings.php(623): do_action('init')
#7 /Users/hanel/Desktop/Works/Coading/ongoing works/EMA/WP/app/public/wp-config.php(93): require_once('/Users/hanel/De...')
#8 /Users/hanel/Desktop/Works/Coading/ongoing works/EMA/WP/app/public/wp-load.php(50): require_once('/Users/hanel/De...')
#9 /Users/hanel/Desktop/Works/Coading/ongoing works/EMA/WP/app/public/wp-admin/admin-ajax.php(22): require_once('/Users/hanel/De...')
#10 {main}
  thrown in /Users/hanel/Desktop/Works/Coading/ongoing works/EMA/WP/app/public/wp-includes/class-wp-hook.php on line 308
[13-May-2023 12:13:53 UTC] PHP Fatal error:  Uncaught TypeError: call_user_func_array(): Argument #1 ($callback) must be a valid callback, function "acf_init_block_type" not found or invalid function name in /Users/hanel/Desktop/Works/Coading/ongoing works/EMA/WP/app/public/wp-includes/class-wp-hook.php:308
Stack trace:
#0 /Users/hanel/Desktop/Works/Coading/ongoing works/EMA/WP/app/public/wp-includes/class-wp-hook.php(332): WP_Hook->apply_filters(NULL, Array)
#1 /Users/hanel/Desktop/Works/Coading/ongoing works/EMA/WP/app/public/wp-includes/plugin.php(517): WP_Hook->do_action(Array)
#2 /Users/hanel/Desktop/Works/Coading/ongoing works/EMA/WP/app/public/wp-content/plugins/advanced-custom-fields-pro/acf.php(350): do_action('acf/init', 6)
#3 /Users/hanel/Desktop/Works/Coading/ongoing works/EMA/WP/app/public/wp-includes/class-wp-hook.php(308): ACF->init('')
#4 /Users/hanel/Desktop/Works/Coading/ongoing works/EMA/WP/app/public/wp-includes/class-wp-hook.php(332): WP_Hook->apply_filters(NULL, Array)
#5 /Users/hanel/Desktop/Works/Coading/ongoing works/EMA/WP/app/public/wp-includes/plugin.php(517): WP_Hook->do_action(Array)
#6 /Users/hanel/Desktop/Works/Coading/ongoing works/EMA/WP/app/public/wp-settings.php(623): do_action('init')
#7 /Users/hanel/Desktop/Works/Coading/ongoing works/EMA/WP/app/public/wp-config.php(93): require_once('/Users/hanel/De...')
#8 /Users/hanel/Desktop/Works/Coading/ongoing works/EMA/WP/app/public/wp-load.php(50): require_once('/Users/hanel/De...')
#9 /Users/hanel/Desktop/Works/Coading/ongoing works/EMA/WP/app/public/wp-admin/admin.php(34): require_once('/Users/hanel/De...')
#10 /Users/hanel/Desktop/Works/Coading/ongoing works/EMA/WP/app/public/wp-admin/edit.php(10): require_once('/Users/hanel/De...')
#11 {main}
  thrown in /Users/hanel/Desktop/Works/Coading/ongoing works/EMA/WP/app/public/wp-includes/class-wp-hook.php on line 308
[13-May-2023 12:13:53 UTC] PHP Fatal error:  Uncaught TypeError: call_user_func_array(): Argument #1 ($callback) must be a valid callback, function "acf_init_block_type" not found or invalid function name in /Users/hanel/Desktop/Works/Coading/ongoing works/EMA/WP/app/public/wp-includes/class-wp-hook.php:308
Stack trace:
#0 /Users/hanel/Desktop/Works/Coading/ongoing works/EMA/WP/app/public/wp-includes/class-wp-hook.php(332): WP_Hook->apply_filters(NULL, Array)
#1 /Users/hanel/Desktop/Works/Coading/ongoing works/EMA/WP/app/public/wp-includes/plugin.php(517): WP_Hook->do_action(Array)
#2 /Users/hanel/Desktop/Works/Coading/ongoing works/EMA/WP/app/public/wp-content/plugins/advanced-custom-fields-pro/acf.php(350): do_action('acf/init', 6)
#3 /Users/hanel/Desktop/Works/Coading/ongoing works/EMA/WP/app/public/wp-includes/class-wp-hook.php(308): ACF->init('')
#4 /Users/hanel/Desktop/Works/Coading/ongoing works/EMA/WP/app/public/wp-includes/class-wp-hook.php(332): WP_Hook->apply_filters(NULL, Array)
#5 /Users/hanel/Desktop/Works/Coading/ongoing works/EMA/WP/app/public/wp-includes/plugin.php(517): WP_Hook->do_action(Array)
#6 /Users/hanel/Desktop/Works/Coading/ongoing works/EMA/WP/app/public/wp-settings.php(623): do_action('init')
#7 /Users/hanel/Desktop/Works/Coading/ongoing works/EMA/WP/app/public/wp-config.php(93): require_once('/Users/hanel/De...')
#8 /Users/hanel/Desktop/Works/Coading/ongoing works/EMA/WP/app/public/wp-load.php(50): require_once('/Users/hanel/De...')
#9 /Users/hanel/Desktop/Works/Coading/ongoing works/EMA/WP/app/public/wp-admin/admin-ajax.php(22): require_once('/Users/hanel/De...')
#10 {main}
  thrown in /Users/hanel/Desktop/Works/Coading/ongoing works/EMA/WP/app/public/wp-includes/class-wp-hook.php on line 308
[14-May-2023 10:26:31 UTC] Cron reschedule event error for hook: wp_privacy_delete_old_export_files, Error code: could_not_set, Error message: The cron event list could not be saved., Data: {"schedule":"hourly","args":[],"interval":3600}
[14-May-2023 11:34:39 UTC] PHP Warning:  Undefined array key "height" in /Users/hanel/Desktop/Works/Coading/ongoing works/EMA/WP/app/public/wp-content/plugins/wp-graphql-blocks-1.0.10/plugin.php on line 54
[14-May-2023 11:34:39 UTC] PHP Warning:  Undefined array key "width" in /Users/hanel/Desktop/Works/Coading/ongoing works/EMA/WP/app/public/wp-content/plugins/wp-graphql-blocks-1.0.10/plugin.php on line 54
[14-May-2023 11:36:58 UTC] PHP Warning:  Undefined array key "height" in /Users/hanel/Desktop/Works/Coading/ongoing works/EMA/WP/app/public/wp-content/plugins/wp-graphql-blocks-1.0.10/plugin.php on line 54
[14-May-2023 11:36:58 UTC] PHP Warning:  Undefined array key "width" in /Users/hanel/Desktop/Works/Coading/ongoing works/EMA/WP/app/public/wp-content/plugins/wp-graphql-blocks-1.0.10/plugin.php on line 54
[14-May-2023 11:38:03 UTC] PHP Warning:  Undefined array key "height" in /Users/hanel/Desktop/Works/Coading/ongoing works/EMA/WP/app/public/wp-content/plugins/wp-graphql-blocks-1.0.10/plugin.php on line 54
[14-May-2023 11:38:03 UTC] PHP Warning:  Undefined array key "width" in /Users/hanel/Desktop/Works/Coading/ongoing works/EMA/WP/app/public/wp-content/plugins/wp-graphql-blocks-1.0.10/plugin.php on line 54
[14-May-2023 11:39:25 UTC] PHP Warning:  Undefined array key "height" in /Users/hanel/Desktop/Works/Coading/ongoing works/EMA/WP/app/public/wp-content/plugins/wp-graphql-blocks-1.0.10/plugin.php on line 54
[14-May-2023 11:39:25 UTC] PHP Warning:  Undefined array key "width" in /Users/hanel/Desktop/Works/Coading/ongoing works/EMA/WP/app/public/wp-content/plugins/wp-graphql-blocks-1.0.10/plugin.php on line 54
[14-May-2023 11:40:05 UTC] PHP Warning:  Undefined array key "height" in /Users/hanel/Desktop/Works/Coading/ongoing works/EMA/WP/app/public/wp-content/plugins/wp-graphql-blocks-1.0.10/plugin.php on line 54
[14-May-2023 11:40:05 UTC] PHP Warning:  Undefined array key "width" in /Users/hanel/Desktop/Works/Coading/ongoing works/EMA/WP/app/public/wp-content/plugins/wp-graphql-blocks-1.0.10/plugin.php on line 54
[14-May-2023 11:40:22 UTC] PHP Warning:  Undefined array key "height" in /Users/hanel/Desktop/Works/Coading/ongoing works/EMA/WP/app/public/wp-content/plugins/wp-graphql-blocks-1.0.10/plugin.php on line 54
[14-May-2023 11:40:22 UTC] PHP Warning:  Undefined array key "width" in /Users/hanel/Desktop/Works/Coading/ongoing works/EMA/WP/app/public/wp-content/plugins/wp-graphql-blocks-1.0.10/plugin.php on line 54
[14-May-2023 12:01:53 UTC] PHP Warning:  Undefined array key "height" in /Users/hanel/Desktop/Works/Coading/ongoing works/EMA/WP/app/public/wp-content/plugins/wp-graphql-blocks-1.0.10/plugin.php on line 54
[14-May-2023 12:01:53 UTC] PHP Warning:  Undefined array key "width" in /Users/hanel/Desktop/Works/Coading/ongoing works/EMA/WP/app/public/wp-content/plugins/wp-graphql-blocks-1.0.10/plugin.php on line 54
[14-May-2023 12:03:29 UTC] PHP Warning:  Undefined array key "height" in /Users/hanel/Desktop/Works/Coading/ongoing works/EMA/WP/app/public/wp-content/plugins/wp-graphql-blocks-1.0.10/plugin.php on line 54
[14-May-2023 12:03:29 UTC] PHP Warning:  Undefined array key "width" in /Users/hanel/Desktop/Works/Coading/ongoing works/EMA/WP/app/public/wp-content/plugins/wp-graphql-blocks-1.0.10/plugin.php on line 54
[14-May-2023 12:03:49 UTC] PHP Warning:  Undefined array key "height" in /Users/hanel/Desktop/Works/Coading/ongoing works/EMA/WP/app/public/wp-content/plugins/wp-graphql-blocks-1.0.10/plugin.php on line 54
[14-May-2023 12:03:49 UTC] PHP Warning:  Undefined array key "width" in /Users/hanel/Desktop/Works/Coading/ongoing works/EMA/WP/app/public/wp-content/plugins/wp-graphql-blocks-1.0.10/plugin.php on line 54
[14-May-2023 12:05:18 UTC] PHP Warning:  Undefined array key "height" in /Users/hanel/Desktop/Works/Coading/ongoing works/EMA/WP/app/public/wp-content/plugins/wp-graphql-blocks-1.0.10/plugin.php on line 54
[14-May-2023 12:05:18 UTC] PHP Warning:  Undefined array key "width" in /Users/hanel/Desktop/Works/Coading/ongoing works/EMA/WP/app/public/wp-content/plugins/wp-graphql-blocks-1.0.10/plugin.php on line 54
[14-May-2023 12:05:41 UTC] PHP Warning:  Undefined array key "height" in /Users/hanel/Desktop/Works/Coading/ongoing works/EMA/WP/app/public/wp-content/plugins/wp-graphql-blocks-1.0.10/plugin.php on line 54
[14-May-2023 12:05:41 UTC] PHP Warning:  Undefined array key "width" in /Users/hanel/Desktop/Works/Coading/ongoing works/EMA/WP/app/public/wp-content/plugins/wp-graphql-blocks-1.0.10/plugin.php on line 54
[14-May-2023 12:06:08 UTC] PHP Warning:  Undefined array key "height" in /Users/hanel/Desktop/Works/Coading/ongoing works/EMA/WP/app/public/wp-content/plugins/wp-graphql-blocks-1.0.10/plugin.php on line 54
[14-May-2023 12:06:08 UTC] PHP Warning:  Undefined array key "width" in /Users/hanel/Desktop/Works/Coading/ongoing works/EMA/WP/app/public/wp-content/plugins/wp-graphql-blocks-1.0.10/plugin.php on line 54
[14-May-2023 12:06:31 UTC] PHP Warning:  Undefined array key "height" in /Users/hanel/Desktop/Works/Coading/ongoing works/EMA/WP/app/public/wp-content/plugins/wp-graphql-blocks-1.0.10/plugin.php on line 54
[14-May-2023 12:06:31 UTC] PHP Warning:  Undefined array key "width" in /Users/hanel/Desktop/Works/Coading/ongoing works/EMA/WP/app/public/wp-content/plugins/wp-graphql-blocks-1.0.10/plugin.php on line 54
[14-May-2023 12:10:09 UTC] PHP Warning:  Undefined array key "height" in /Users/hanel/Desktop/Works/Coading/ongoing works/EMA/WP/app/public/wp-content/plugins/wp-graphql-blocks-1.0.10/plugin.php on line 54
[14-May-2023 12:10:09 UTC] PHP Warning:  Undefined array key "width" in /Users/hanel/Desktop/Works/Coading/ongoing works/EMA/WP/app/public/wp-content/plugins/wp-graphql-blocks-1.0.10/plugin.php on line 54
[14-May-2023 12:10:19 UTC] PHP Warning:  Undefined array key "height" in /Users/hanel/Desktop/Works/Coading/ongoing works/EMA/WP/app/public/wp-content/plugins/wp-graphql-blocks-1.0.10/plugin.php on line 54
[14-May-2023 12:10:19 UTC] PHP Warning:  Undefined array key "width" in /Users/hanel/Desktop/Works/Coading/ongoing works/EMA/WP/app/public/wp-content/plugins/wp-graphql-blocks-1.0.10/plugin.php on line 54
[14-May-2023 12:10:26 UTC] PHP Warning:  Undefined array key "height" in /Users/hanel/Desktop/Works/Coading/ongoing works/EMA/WP/app/public/wp-content/plugins/wp-graphql-blocks-1.0.10/plugin.php on line 54
[14-May-2023 12:10:26 UTC] PHP Warning:  Undefined array key "width" in /Users/hanel/Desktop/Works/Coading/ongoing works/EMA/WP/app/public/wp-content/plugins/wp-graphql-blocks-1.0.10/plugin.php on line 54
[14-May-2023 12:10:32 UTC] PHP Warning:  Undefined array key "height" in /Users/hanel/Desktop/Works/Coading/ongoing works/EMA/WP/app/public/wp-content/plugins/wp-graphql-blocks-1.0.10/plugin.php on line 54
[14-May-2023 12:10:32 UTC] PHP Warning:  Undefined array key "width" in /Users/hanel/Desktop/Works/Coading/ongoing works/EMA/WP/app/public/wp-content/plugins/wp-graphql-blocks-1.0.10/plugin.php on line 54
[14-May-2023 12:10:46 UTC] PHP Warning:  Undefined array key "height" in /Users/hanel/Desktop/Works/Coading/ongoing works/EMA/WP/app/public/wp-content/plugins/wp-graphql-blocks-1.0.10/plugin.php on line 54
[14-May-2023 12:10:46 UTC] PHP Warning:  Undefined array key "width" in /Users/hanel/Desktop/Works/Coading/ongoing works/EMA/WP/app/public/wp-content/plugins/wp-graphql-blocks-1.0.10/plugin.php on line 54
[14-May-2023 12:13:39 UTC] PHP Warning:  Undefined array key "height" in /Users/hanel/Desktop/Works/Coading/ongoing works/EMA/WP/app/public/wp-content/plugins/wp-graphql-blocks-1.0.10/plugin.php on line 54
[14-May-2023 12:13:39 UTC] PHP Warning:  Undefined array key "width" in /Users/hanel/Desktop/Works/Coading/ongoing works/EMA/WP/app/public/wp-content/plugins/wp-graphql-blocks-1.0.10/plugin.php on line 54
[14-May-2023 12:16:23 UTC] PHP Warning:  Undefined array key "height" in /Users/hanel/Desktop/Works/Coading/ongoing works/EMA/WP/app/public/wp-content/plugins/wp-graphql-blocks-1.0.10/plugin.php on line 54
[14-May-2023 12:16:23 UTC] PHP Warning:  Undefined array key "width" in /Users/hanel/Desktop/Works/Coading/ongoing works/EMA/WP/app/public/wp-content/plugins/wp-graphql-blocks-1.0.10/plugin.php on line 54
[14-May-2023 12:16:34 UTC] PHP Warning:  Undefined array key "height" in /Users/hanel/Desktop/Works/Coading/ongoing works/EMA/WP/app/public/wp-content/plugins/wp-graphql-blocks-1.0.10/plugin.php on line 54
[14-May-2023 12:16:34 UTC] PHP Warning:  Undefined array key "width" in /Users/hanel/Desktop/Works/Coading/ongoing works/EMA/WP/app/public/wp-content/plugins/wp-graphql-blocks-1.0.10/plugin.php on line 54
[14-May-2023 12:16:43 UTC] PHP Warning:  Undefined array key "height" in /Users/hanel/Desktop/Works/Coading/ongoing works/EMA/WP/app/public/wp-content/plugins/wp-graphql-blocks-1.0.10/plugin.php on line 54
[14-May-2023 12:16:43 UTC] PHP Warning:  Undefined array key "width" in /Users/hanel/Desktop/Works/Coading/ongoing works/EMA/WP/app/public/wp-content/plugins/wp-graphql-blocks-1.0.10/plugin.php on line 54
[14-May-2023 12:16:49 UTC] PHP Warning:  Undefined array key "height" in /Users/hanel/Desktop/Works/Coading/ongoing works/EMA/WP/app/public/wp-content/plugins/wp-graphql-blocks-1.0.10/plugin.php on line 54
[14-May-2023 12:16:49 UTC] PHP Warning:  Undefined array key "width" in /Users/hanel/Desktop/Works/Coading/ongoing works/EMA/WP/app/public/wp-content/plugins/wp-graphql-blocks-1.0.10/plugin.php on line 54
[14-May-2023 12:16:57 UTC] PHP Warning:  Undefined array key "height" in /Users/hanel/Desktop/Works/Coading/ongoing works/EMA/WP/app/public/wp-content/plugins/wp-graphql-blocks-1.0.10/plugin.php on line 54
[14-May-2023 12:16:57 UTC] PHP Warning:  Undefined array key "width" in /Users/hanel/Desktop/Works/Coading/ongoing works/EMA/WP/app/public/wp-content/plugins/wp-graphql-blocks-1.0.10/plugin.php on line 54
[14-May-2023 12:17:07 UTC] PHP Warning:  Undefined array key "height" in /Users/hanel/Desktop/Works/Coading/ongoing works/EMA/WP/app/public/wp-content/plugins/wp-graphql-blocks-1.0.10/plugin.php on line 54
[14-May-2023 12:17:07 UTC] PHP Warning:  Undefined array key "width" in /Users/hanel/Desktop/Works/Coading/ongoing works/EMA/WP/app/public/wp-content/plugins/wp-graphql-blocks-1.0.10/plugin.php on line 54
[14-May-2023 12:17:25 UTC] PHP Warning:  Undefined array key "height" in /Users/hanel/Desktop/Works/Coading/ongoing works/EMA/WP/app/public/wp-content/plugins/wp-graphql-blocks-1.0.10/plugin.php on line 54
[14-May-2023 12:17:25 UTC] PHP Warning:  Undefined array key "width" in /Users/hanel/Desktop/Works/Coading/ongoing works/EMA/WP/app/public/wp-content/plugins/wp-graphql-blocks-1.0.10/plugin.php on line 54
[14-May-2023 12:17:48 UTC] PHP Warning:  Undefined array key "height" in /Users/hanel/Desktop/Works/Coading/ongoing works/EMA/WP/app/public/wp-content/plugins/wp-graphql-blocks-1.0.10/plugin.php on line 54
[14-May-2023 12:17:48 UTC] PHP Warning:  Undefined array key "width" in /Users/hanel/Desktop/Works/Coading/ongoing works/EMA/WP/app/public/wp-content/plugins/wp-graphql-blocks-1.0.10/plugin.php on line 54
[14-May-2023 12:19:06 UTC] PHP Warning:  Undefined array key "height" in /Users/hanel/Desktop/Works/Coading/ongoing works/EMA/WP/app/public/wp-content/plugins/wp-graphql-blocks-1.0.10/plugin.php on line 54
[14-May-2023 12:19:06 UTC] PHP Warning:  Undefined array key "width" in /Users/hanel/Desktop/Works/Coading/ongoing works/EMA/WP/app/public/wp-content/plugins/wp-graphql-blocks-1.0.10/plugin.php on line 54
[14-May-2023 12:19:11 UTC] PHP Warning:  Undefined array key "height" in /Users/hanel/Desktop/Works/Coading/ongoing works/EMA/WP/app/public/wp-content/plugins/wp-graphql-blocks-1.0.10/plugin.php on line 54
[14-May-2023 12:19:11 UTC] PHP Warning:  Undefined array key "width" in /Users/hanel/Desktop/Works/Coading/ongoing works/EMA/WP/app/public/wp-content/plugins/wp-graphql-blocks-1.0.10/plugin.php on line 54
[14-May-2023 12:20:07 UTC] PHP Warning:  Undefined array key "height" in /Users/hanel/Desktop/Works/Coading/ongoing works/EMA/WP/app/public/wp-content/plugins/wp-graphql-blocks-1.0.10/plugin.php on line 54
[14-May-2023 12:20:07 UTC] PHP Warning:  Undefined array key "width" in /Users/hanel/Desktop/Works/Coading/ongoing works/EMA/WP/app/public/wp-content/plugins/wp-graphql-blocks-1.0.10/plugin.php on line 54
[14-May-2023 12:20:36 UTC] PHP Warning:  Undefined array key "height" in /Users/hanel/Desktop/Works/Coading/ongoing works/EMA/WP/app/public/wp-content/plugins/wp-graphql-blocks-1.0.10/plugin.php on line 54
[14-May-2023 12:20:36 UTC] PHP Warning:  Undefined array key "width" in /Users/hanel/Desktop/Works/Coading/ongoing works/EMA/WP/app/public/wp-content/plugins/wp-graphql-blocks-1.0.10/plugin.php on line 54
[14-May-2023 12:21:30 UTC] PHP Warning:  Undefined array key "height" in /Users/hanel/Desktop/Works/Coading/ongoing works/EMA/WP/app/public/wp-content/plugins/wp-graphql-blocks-1.0.10/plugin.php on line 54
[14-May-2023 12:21:30 UTC] PHP Warning:  Undefined array key "width" in /Users/hanel/Desktop/Works/Coading/ongoing works/EMA/WP/app/public/wp-content/plugins/wp-graphql-blocks-1.0.10/plugin.php on line 54
[14-May-2023 12:22:42 UTC] PHP Warning:  Undefined array key "height" in /Users/hanel/Desktop/Works/Coading/ongoing works/EMA/WP/app/public/wp-content/plugins/wp-graphql-blocks-1.0.10/plugin.php on line 54
[14-May-2023 12:22:42 UTC] PHP Warning:  Undefined array key "width" in /Users/hanel/Desktop/Works/Coading/ongoing works/EMA/WP/app/public/wp-content/plugins/wp-graphql-blocks-1.0.10/plugin.php on line 54
[14-May-2023 12:24:18 UTC] PHP Warning:  Undefined array key "height" in /Users/hanel/Desktop/Works/Coading/ongoing works/EMA/WP/app/public/wp-content/plugins/wp-graphql-blocks-1.0.10/plugin.php on line 54
[14-May-2023 12:24:18 UTC] PHP Warning:  Undefined array key "width" in /Users/hanel/Desktop/Works/Coading/ongoing works/EMA/WP/app/public/wp-content/plugins/wp-graphql-blocks-1.0.10/plugin.php on line 54
[15-May-2023 12:33:59 UTC] PHP Warning:  Undefined array key "height" in /Users/hanel/Desktop/Works/Coading/ongoing works/EMA/WP/app/public/wp-content/plugins/wp-graphql-blocks-1.0.10/plugin.php on line 54
[15-May-2023 12:33:59 UTC] PHP Warning:  Undefined array key "width" in /Users/hanel/Desktop/Works/Coading/ongoing works/EMA/WP/app/public/wp-content/plugins/wp-graphql-blocks-1.0.10/plugin.php on line 54
[15-May-2023 12:35:59 UTC] PHP Warning:  Undefined array key "height" in /Users/hanel/Desktop/Works/Coading/ongoing works/EMA/WP/app/public/wp-content/plugins/wp-graphql-blocks-1.0.10/plugin.php on line 54
[15-May-2023 12:35:59 UTC] PHP Warning:  Undefined array key "width" in /Users/hanel/Desktop/Works/Coading/ongoing works/EMA/WP/app/public/wp-content/plugins/wp-graphql-blocks-1.0.10/plugin.php on line 54
[15-May-2023 12:37:08 UTC] PHP Warning:  Undefined array key "height" in /Users/hanel/Desktop/Works/Coading/ongoing works/EMA/WP/app/public/wp-content/plugins/wp-graphql-blocks-1.0.10/plugin.php on line 54
[15-May-2023 12:37:08 UTC] PHP Warning:  Undefined array key "width" in /Users/hanel/Desktop/Works/Coading/ongoing works/EMA/WP/app/public/wp-content/plugins/wp-graphql-blocks-1.0.10/plugin.php on line 54
[15-May-2023 12:39:08 UTC] PHP Warning:  Undefined array key "height" in /Users/hanel/Desktop/Works/Coading/ongoing works/EMA/WP/app/public/wp-content/plugins/wp-graphql-blocks-1.0.10/plugin.php on line 54
[15-May-2023 12:39:08 UTC] PHP Warning:  Undefined array key "width" in /Users/hanel/Desktop/Works/Coading/ongoing works/EMA/WP/app/public/wp-content/plugins/wp-graphql-blocks-1.0.10/plugin.php on line 54
[15-May-2023 12:39:37 UTC] PHP Warning:  Undefined array key "height" in /Users/hanel/Desktop/Works/Coading/ongoing works/EMA/WP/app/public/wp-content/plugins/wp-graphql-blocks-1.0.10/plugin.php on line 54
[15-May-2023 12:39:37 UTC] PHP Warning:  Undefined array key "width" in /Users/hanel/Desktop/Works/Coading/ongoing works/EMA/WP/app/public/wp-content/plugins/wp-graphql-blocks-1.0.10/plugin.php on line 54
[15-May-2023 12:42:03 UTC] PHP Warning:  Undefined array key "height" in /Users/hanel/Desktop/Works/Coading/ongoing works/EMA/WP/app/public/wp-content/plugins/wp-graphql-blocks-1.0.10/plugin.php on line 54
[15-May-2023 12:42:03 UTC] PHP Warning:  Undefined array key "width" in /Users/hanel/Desktop/Works/Coading/ongoing works/EMA/WP/app/public/wp-content/plugins/wp-graphql-blocks-1.0.10/plugin.php on line 54
[15-May-2023 12:44:10 UTC] PHP Warning:  Undefined array key "height" in /Users/hanel/Desktop/Works/Coading/ongoing works/EMA/WP/app/public/wp-content/plugins/wp-graphql-blocks-1.0.10/plugin.php on line 54
[15-May-2023 12:44:10 UTC] PHP Warning:  Undefined array key "width" in /Users/hanel/Desktop/Works/Coading/ongoing works/EMA/WP/app/public/wp-content/plugins/wp-graphql-blocks-1.0.10/plugin.php on line 54
[15-May-2023 12:44:18 UTC] PHP Warning:  Undefined array key "height" in /Users/hanel/Desktop/Works/Coading/ongoing works/EMA/WP/app/public/wp-content/plugins/wp-graphql-blocks-1.0.10/plugin.php on line 54
[15-May-2023 12:44:18 UTC] PHP Warning:  Undefined array key "width" in /Users/hanel/Desktop/Works/Coading/ongoing works/EMA/WP/app/public/wp-content/plugins/wp-graphql-blocks-1.0.10/plugin.php on line 54
[15-May-2023 12:45:52 UTC] PHP Warning:  Undefined array key "height" in /Users/hanel/Desktop/Works/Coading/ongoing works/EMA/WP/app/public/wp-content/plugins/wp-graphql-blocks-1.0.10/plugin.php on line 54
[15-May-2023 12:45:52 UTC] PHP Warning:  Undefined array key "width" in /Users/hanel/Desktop/Works/Coading/ongoing works/EMA/WP/app/public/wp-content/plugins/wp-graphql-blocks-1.0.10/plugin.php on line 54
[15-May-2023 12:46:08 UTC] PHP Warning:  Undefined array key "height" in /Users/hanel/Desktop/Works/Coading/ongoing works/EMA/WP/app/public/wp-content/plugins/wp-graphql-blocks-1.0.10/plugin.php on line 54
[15-May-2023 12:46:08 UTC] PHP Warning:  Undefined array key "width" in /Users/hanel/Desktop/Works/Coading/ongoing works/EMA/WP/app/public/wp-content/plugins/wp-graphql-blocks-1.0.10/plugin.php on line 54
[15-May-2023 12:55:35 UTC] PHP Warning:  Undefined array key "height" in /Users/hanel/Desktop/Works/Coading/ongoing works/EMA/WP/app/public/wp-content/plugins/wp-graphql-blocks-1.0.10/plugin.php on line 54
[15-May-2023 12:55:35 UTC] PHP Warning:  Undefined array key "width" in /Users/hanel/Desktop/Works/Coading/ongoing works/EMA/WP/app/public/wp-content/plugins/wp-graphql-blocks-1.0.10/plugin.php on line 54
[15-May-2023 12:56:56 UTC] PHP Warning:  Undefined array key "height" in /Users/hanel/Desktop/Works/Coading/ongoing works/EMA/WP/app/public/wp-content/plugins/wp-graphql-blocks-1.0.10/plugin.php on line 54
[15-May-2023 12:56:56 UTC] PHP Warning:  Undefined array key "width" in /Users/hanel/Desktop/Works/Coading/ongoing works/EMA/WP/app/public/wp-content/plugins/wp-graphql-blocks-1.0.10/plugin.php on line 54
[15-May-2023 12:57:32 UTC] PHP Warning:  Undefined array key "height" in /Users/hanel/Desktop/Works/Coading/ongoing works/EMA/WP/app/public/wp-content/plugins/wp-graphql-blocks-1.0.10/plugin.php on line 54
[15-May-2023 12:57:32 UTC] PHP Warning:  Undefined array key "width" in /Users/hanel/Desktop/Works/Coading/ongoing works/EMA/WP/app/public/wp-content/plugins/wp-graphql-blocks-1.0.10/plugin.php on line 54
[15-May-2023 12:59:20 UTC] PHP Warning:  Undefined array key "height" in /Users/hanel/Desktop/Works/Coading/ongoing works/EMA/WP/app/public/wp-content/plugins/wp-graphql-blocks-1.0.10/plugin.php on line 54
[15-May-2023 12:59:20 UTC] PHP Warning:  Undefined array key "width" in /Users/hanel/Desktop/Works/Coading/ongoing works/EMA/WP/app/public/wp-content/plugins/wp-graphql-blocks-1.0.10/plugin.php on line 54
[15-May-2023 12:59:26 UTC] PHP Warning:  Undefined array key "height" in /Users/hanel/Desktop/Works/Coading/ongoing works/EMA/WP/app/public/wp-content/plugins/wp-graphql-blocks-1.0.10/plugin.php on line 54
[15-May-2023 12:59:26 UTC] PHP Warning:  Undefined array key "width" in /Users/hanel/Desktop/Works/Coading/ongoing works/EMA/WP/app/public/wp-content/plugins/wp-graphql-blocks-1.0.10/plugin.php on line 54
[15-May-2023 13:06:25 UTC] PHP Warning:  Undefined array key "height" in /Users/hanel/Desktop/Works/Coading/ongoing works/EMA/WP/app/public/wp-content/plugins/wp-graphql-blocks-1.0.10/plugin.php on line 54
[15-May-2023 13:06:25 UTC] PHP Warning:  Undefined array key "width" in /Users/hanel/Desktop/Works/Coading/ongoing works/EMA/WP/app/public/wp-content/plugins/wp-graphql-blocks-1.0.10/plugin.php on line 54
[15-May-2023 13:07:02 UTC] PHP Warning:  Undefined array key "height" in /Users/hanel/Desktop/Works/Coading/ongoing works/EMA/WP/app/public/wp-content/plugins/wp-graphql-blocks-1.0.10/plugin.php on line 54
[15-May-2023 13:07:02 UTC] PHP Warning:  Undefined array key "width" in /Users/hanel/Desktop/Works/Coading/ongoing works/EMA/WP/app/public/wp-content/plugins/wp-graphql-blocks-1.0.10/plugin.php on line 54
[15-May-2023 13:12:08 UTC] PHP Warning:  Undefined array key "height" in /Users/hanel/Desktop/Works/Coading/ongoing works/EMA/WP/app/public/wp-content/plugins/wp-graphql-blocks-1.0.10/plugin.php on line 54
[15-May-2023 13:12:08 UTC] PHP Warning:  Undefined array key "width" in /Users/hanel/Desktop/Works/Coading/ongoing works/EMA/WP/app/public/wp-content/plugins/wp-graphql-blocks-1.0.10/plugin.php on line 54
[15-May-2023 13:15:39 UTC] PHP Warning:  Undefined array key "height" in /Users/hanel/Desktop/Works/Coading/ongoing works/EMA/WP/app/public/wp-content/plugins/wp-graphql-blocks-1.0.10/plugin.php on line 54
[15-May-2023 13:15:39 UTC] PHP Warning:  Undefined array key "width" in /Users/hanel/Desktop/Works/Coading/ongoing works/EMA/WP/app/public/wp-content/plugins/wp-graphql-blocks-1.0.10/plugin.php on line 54
[15-May-2023 13:15:52 UTC] PHP Warning:  Undefined array key "height" in /Users/hanel/Desktop/Works/Coading/ongoing works/EMA/WP/app/public/wp-content/plugins/wp-graphql-blocks-1.0.10/plugin.php on line 54
[15-May-2023 13:15:52 UTC] PHP Warning:  Undefined array key "width" in /Users/hanel/Desktop/Works/Coading/ongoing works/EMA/WP/app/public/wp-content/plugins/wp-graphql-blocks-1.0.10/plugin.php on line 54
[15-May-2023 13:16:15 UTC] PHP Warning:  Undefined array key "height" in /Users/hanel/Desktop/Works/Coading/ongoing works/EMA/WP/app/public/wp-content/plugins/wp-graphql-blocks-1.0.10/plugin.php on line 54
[15-May-2023 13:16:15 UTC] PHP Warning:  Undefined array key "width" in /Users/hanel/Desktop/Works/Coading/ongoing works/EMA/WP/app/public/wp-content/plugins/wp-graphql-blocks-1.0.10/plugin.php on line 54
[15-May-2023 13:22:18 UTC] PHP Warning:  Undefined array key "height" in /Users/hanel/Desktop/Works/Coading/ongoing works/EMA/WP/app/public/wp-content/plugins/wp-graphql-blocks-1.0.10/plugin.php on line 54
[15-May-2023 13:22:18 UTC] PHP Warning:  Undefined array key "width" in /Users/hanel/Desktop/Works/Coading/ongoing works/EMA/WP/app/public/wp-content/plugins/wp-graphql-blocks-1.0.10/plugin.php on line 54
[15-May-2023 13:39:57 UTC] PHP Warning:  Undefined array key "height" in /Users/hanel/Desktop/Works/Coading/ongoing works/EMA/WP/app/public/wp-content/plugins/wp-graphql-blocks-1.0.10/plugin.php on line 54
[15-May-2023 13:39:57 UTC] PHP Warning:  Undefined array key "width" in /Users/hanel/Desktop/Works/Coading/ongoing works/EMA/WP/app/public/wp-content/plugins/wp-graphql-blocks-1.0.10/plugin.php on line 54
[15-May-2023 13:41:02 UTC] PHP Warning:  Undefined array key "height" in /Users/hanel/Desktop/Works/Coading/ongoing works/EMA/WP/app/public/wp-content/plugins/wp-graphql-blocks-1.0.10/plugin.php on line 54
[15-May-2023 13:41:02 UTC] PHP Warning:  Undefined array key "width" in /Users/hanel/Desktop/Works/Coading/ongoing works/EMA/WP/app/public/wp-content/plugins/wp-graphql-blocks-1.0.10/plugin.php on line 54
[15-May-2023 13:44:26 UTC] PHP Warning:  Undefined array key "height" in /Users/hanel/Desktop/Works/Coading/ongoing works/EMA/WP/app/public/wp-content/plugins/wp-graphql-blocks-1.0.10/plugin.php on line 54
[15-May-2023 13:44:26 UTC] PHP Warning:  Undefined array key "width" in /Users/hanel/Desktop/Works/Coading/ongoing works/EMA/WP/app/public/wp-content/plugins/wp-graphql-blocks-1.0.10/plugin.php on line 54
[15-May-2023 13:48:22 UTC] PHP Warning:  Undefined array key "height" in /Users/hanel/Desktop/Works/Coading/ongoing works/EMA/WP/app/public/wp-content/plugins/wp-graphql-blocks-1.0.10/plugin.php on line 54
[15-May-2023 13:48:22 UTC] PHP Warning:  Undefined array key "width" in /Users/hanel/Desktop/Works/Coading/ongoing works/EMA/WP/app/public/wp-content/plugins/wp-graphql-blocks-1.0.10/plugin.php on line 54
[15-May-2023 13:49:38 UTC] PHP Warning:  Undefined array key "height" in /Users/hanel/Desktop/Works/Coading/ongoing works/EMA/WP/app/public/wp-content/plugins/wp-graphql-blocks-1.0.10/plugin.php on line 54
[15-May-2023 13:49:38 UTC] PHP Warning:  Undefined array key "width" in /Users/hanel/Desktop/Works/Coading/ongoing works/EMA/WP/app/public/wp-content/plugins/wp-graphql-blocks-1.0.10/plugin.php on line 54
[15-May-2023 13:50:18 UTC] PHP Warning:  Undefined array key "height" in /Users/hanel/Desktop/Works/Coading/ongoing works/EMA/WP/app/public/wp-content/plugins/wp-graphql-blocks-1.0.10/plugin.php on line 54
[15-May-2023 13:50:18 UTC] PHP Warning:  Undefined array key "width" in /Users/hanel/Desktop/Works/Coading/ongoing works/EMA/WP/app/public/wp-content/plugins/wp-graphql-blocks-1.0.10/plugin.php on line 54
[15-May-2023 13:50:34 UTC] PHP Warning:  Undefined array key "height" in /Users/hanel/Desktop/Works/Coading/ongoing works/EMA/WP/app/public/wp-content/plugins/wp-graphql-blocks-1.0.10/plugin.php on line 54
[15-May-2023 13:50:34 UTC] PHP Warning:  Undefined array key "width" in /Users/hanel/Desktop/Works/Coading/ongoing works/EMA/WP/app/public/wp-content/plugins/wp-graphql-blocks-1.0.10/plugin.php on line 54
[16-May-2023 07:39:54 UTC] PHP Warning:  Undefined array key "height" in /Users/hanel/Desktop/Works/Coading/ongoing works/EMA/WP/app/public/wp-content/plugins/wp-graphql-blocks-1.0.12/plugin.php on line 54
[16-May-2023 07:39:54 UTC] PHP Warning:  Undefined array key "width" in /Users/hanel/Desktop/Works/Coading/ongoing works/EMA/WP/app/public/wp-content/plugins/wp-graphql-blocks-1.0.12/plugin.php on line 54
[18-May-2023 09:32:41 UTC] PHP Warning:  Undefined array key "height" in /Users/hanel/Desktop/Works/Coading/ongoing works/EMA/WP/app/public/wp-content/plugins/wp-graphql-blocks-1.0.12/plugin.php on line 54
[18-May-2023 09:32:41 UTC] PHP Warning:  Undefined array key "width" in /Users/hanel/Desktop/Works/Coading/ongoing works/EMA/WP/app/public/wp-content/plugins/wp-graphql-blocks-1.0.12/plugin.php on line 54
[18-May-2023 10:50:34 UTC] PHP Warning:  Undefined array key "height" in /Users/hanel/Desktop/Works/Coading/ongoing works/EMA/WP/app/public/wp-content/plugins/wpgraphql-blocks/plugin.php on line 60
[18-May-2023 10:50:34 UTC] PHP Warning:  Undefined array key "width" in /Users/hanel/Desktop/Works/Coading/ongoing works/EMA/WP/app/public/wp-content/plugins/wpgraphql-blocks/plugin.php on line 60
[18-May-2023 10:50:34 UTC] PHP Warning:  DOMDocument::loadHTML(): Tag figure invalid in Entity, line: 1 in /Users/hanel/Desktop/Works/Coading/ongoing works/EMA/WP/app/public/wp-content/plugins/wpgraphql-blocks/plugin.php on line 73
[18-May-2023 10:52:34 UTC] PHP Warning:  Undefined array key "height" in /Users/hanel/Desktop/Works/Coading/ongoing works/EMA/WP/app/public/wp-content/plugins/wpgraphql-blocks/plugin.php on line 60
[18-May-2023 10:52:34 UTC] PHP Warning:  Undefined array key "width" in /Users/hanel/Desktop/Works/Coading/ongoing works/EMA/WP/app/public/wp-content/plugins/wpgraphql-blocks/plugin.php on line 60
[18-May-2023 10:52:34 UTC] PHP Warning:  DOMDocument::loadHTML(): Tag figure invalid in Entity, line: 1 in /Users/hanel/Desktop/Works/Coading/ongoing works/EMA/WP/app/public/wp-content/plugins/wpgraphql-blocks/plugin.php on line 73
[20-May-2023 03:12:10 UTC] PHP Warning:  An unexpected error occurred. Something may be wrong with WordPress.org or this server&#8217;s configuration. If you continue to have problems, please try the <a href="https://wordpress.org/support/forums/">support forums</a>. (WordPress could not establish a secure connection to WordPress.org. Please contact your server administrator.) in /Users/hanel/Desktop/Works/Coading/ongoing works/EMA/WP/app/public/wp-includes/update.php on line 209
[20-May-2023 03:12:10 UTC] PHP Warning:  An unexpected error occurred. Something may be wrong with WordPress.org or this server&#8217;s configuration. If you continue to have problems, please try the <a href="https://wordpress.org/support/forums/">support forums</a>. (WordPress could not establish a secure connection to WordPress.org. Please contact your server administrator.) in /Users/hanel/Desktop/Works/Coading/ongoing works/EMA/WP/app/public/wp-includes/update.php on line 447
[20-May-2023 03:12:10 UTC] PHP Warning:  An unexpected error occurred. Something may be wrong with WordPress.org or this server&#8217;s configuration. If you continue to have problems, please try the <a href="https://wordpress.org/support/forums/">support forums</a>. (WordPress could not establish a secure connection to WordPress.org. Please contact your server administrator.) in /Users/hanel/Desktop/Works/Coading/ongoing works/EMA/WP/app/public/wp-includes/update.php on line 728
